<?xml version="1.0" encoding="UTF-8"?>
<!-- Generated by org.testng.reporters.JUnitReportReporter -->
<testsuite hostname="COREPW0CFJMT" failures="0" tests="16" name="SeleniumTestNGFirstExample.SeleniumTestNgFormTest" time="0.207" errors="1" timestamp="2024-11-21T12:55:36 IST" skipped="15">
  <testcase classname="SeleniumTestNGFirstExample.SeleniumTestNgFormTest" name="Navigate" time="0.205">
    <error message="unknown error: net::ERR_PROXY_CONNECTION_FAILED
  (Session info: chrome=131.0.6778.70)
Build info: version: &#039;4.18.1&#039;, revision: &#039;b1d3319b48&#039;
System info: os.name: &#039;Windows 10&#039;, os.arch: &#039;amd64&#039;, os.version: &#039;10.0&#039;, java.version: &#039;21.0.4&#039;
Driver info: org.openqa.selenium.chrome.ChromeDriver
Command: [f9f24104d83ca434169ba8f6d40830fd, get {url=https://demo.automationtesting.in/Register.html}]
Capabilities {acceptInsecureCerts: false, browserName: chrome, browserVersion: 131.0.6778.70, chrome: {chromedriverVersion: 131.0.6778.85 (3d81e41b6f3a..., userDataDir: C:\Users\52368940\AppData\L...}, fedcm:accounts: true, goog:chromeOptions: {debuggerAddress: localhost:64605}, networkConnectionEnabled: false, pageLoadStrategy: normal, platformName: windows, proxy: Proxy(), se:cdp: ws://localhost:64605/devtoo..., se:cdpVersion: 131.0.6778.70, setWindowRect: true, strictFileInteractability: false, timeouts: {implicit: 0, pageLoad: 300000, script: 30000}, unhandledPromptBehavior: dismiss and notify, webauthn:extension:credBlob: true, webauthn:extension:largeBlob: true, webauthn:extension:minPinLength: true, webauthn:extension:prf: true, webauthn:virtualAuthenticators: true}
Session ID: f9f24104d83ca434169ba8f6d40830fd" type="org.openqa.selenium.WebDriverException">
      <![CDATA[org.openqa.selenium.WebDriverException: unknown error: net::ERR_PROXY_CONNECTION_FAILED
  (Session info: chrome=131.0.6778.70)
Build info: version: '4.18.1', revision: 'b1d3319b48'
System info: os.name: 'Windows 10', os.arch: 'amd64', os.version: '10.0', java.version: '21.0.4'
Driver info: org.openqa.selenium.chrome.ChromeDriver
Command: [f9f24104d83ca434169ba8f6d40830fd, get {url=https://demo.automationtesting.in/Register.html}]
Capabilities {acceptInsecureCerts: false, browserName: chrome, browserVersion: 131.0.6778.70, chrome: {chromedriverVersion: 131.0.6778.85 (3d81e41b6f3a..., userDataDir: C:\Users\52368940\AppData\L...}, fedcm:accounts: true, goog:chromeOptions: {debuggerAddress: localhost:64605}, networkConnectionEnabled: false, pageLoadStrategy: normal, platformName: windows, proxy: Proxy(), se:cdp: ws://localhost:64605/devtoo..., se:cdpVersion: 131.0.6778.70, setWindowRect: true, strictFileInteractability: false, timeouts: {implicit: 0, pageLoad: 300000, script: 30000}, unhandledPromptBehavior: dismiss and notify, webauthn:extension:credBlob: true, webauthn:extension:largeBlob: true, webauthn:extension:minPinLength: true, webauthn:extension:prf: true, webauthn:virtualAuthenticators: true}
Session ID: f9f24104d83ca434169ba8f6d40830fd
at java.base/jdk.internal.reflect.DirectConstructorHandleAccessor.newInstance(DirectConstructorHandleAccessor.java:62)
at java.base/java.lang.reflect.Constructor.newInstanceWithCaller(Constructor.java:502)
at java.base/java.lang.reflect.Constructor.newInstance(Constructor.java:486)
at org.openqa.selenium.remote.ErrorCodec.decode(ErrorCodec.java:167)
at org.openqa.selenium.remote.codec.w3c.W3CHttpResponseCodec.decode(W3CHttpResponseCodec.java:138)
at org.openqa.selenium.remote.codec.w3c.W3CHttpResponseCodec.decode(W3CHttpResponseCodec.java:50)
at org.openqa.selenium.remote.HttpCommandExecutor.execute(HttpCommandExecutor.java:190)
at org.openqa.selenium.remote.service.DriverCommandExecutor.invokeExecute(DriverCommandExecutor.java:216)
at org.openqa.selenium.remote.service.DriverCommandExecutor.execute(DriverCommandExecutor.java:174)
at org.openqa.selenium.remote.RemoteWebDriver.execute(RemoteWebDriver.java:519)
at org.openqa.selenium.remote.RemoteWebDriver.get(RemoteWebDriver.java:301)
at SeleniumTestNGFirstExample.SeleniumTestNgFormTest.Navigate(SeleniumTestNgFormTest.java:17)
at java.base/jdk.internal.reflect.DirectMethodHandleAccessor.invoke(DirectMethodHandleAccessor.java:103)
at java.base/java.lang.reflect.Method.invoke(Method.java:580)
at org.testng.internal.invokers.MethodInvocationHelper.invokeMethod(MethodInvocationHelper.java:141)
at org.testng.internal.invokers.MethodInvocationHelper.invokeMethodConsideringTimeout(MethodInvocationHelper.java:71)
at org.testng.internal.invokers.ConfigInvoker.invokeConfigurationMethod(ConfigInvoker.java:400)
at org.testng.internal.invokers.ConfigInvoker.invokeConfigurations(ConfigInvoker.java:333)
at org.testng.TestRunner.invokeTestConfigurations(TestRunner.java:655)
at org.testng.TestRunner.beforeRun(TestRunner.java:644)
at org.testng.TestRunner.run(TestRunner.java:610)
at org.testng.SuiteRunner.runTest(SuiteRunner.java:421)
at org.testng.SuiteRunner.runSequentially(SuiteRunner.java:413)
at org.testng.SuiteRunner.privateRun(SuiteRunner.java:373)
at org.testng.SuiteRunner.run(SuiteRunner.java:312)
at org.testng.SuiteRunnerWorker.runSuite(SuiteRunnerWorker.java:52)
at org.testng.SuiteRunnerWorker.run(SuiteRunnerWorker.java:95)
at org.testng.TestNG.runSuitesSequentially(TestNG.java:1274)
at org.testng.TestNG.runSuitesLocally(TestNG.java:1208)
at org.testng.TestNG.runSuites(TestNG.java:1112)
at org.testng.TestNG.run(TestNG.java:1079)
at org.testng.remote.AbstractRemoteTestNG.run(AbstractRemoteTestNG.java:115)
at org.testng.remote.RemoteTestNG.initAndRun(RemoteTestNG.java:293)
at org.testng.remote.RemoteTestNG.main(RemoteTestNG.java:91)
]]>
    </error>
  </testcase> <!-- Navigate -->
  <testcase classname="SeleniumTestNGFirstExample.SeleniumTestNgFormTest" name="firstname" time="0.000">
    <skipped/>
  </testcase> <!-- firstname -->
  <testcase classname="SeleniumTestNGFirstExample.SeleniumTestNgFormTest" name="lastname" time="0.000">
    <skipped/>
  </testcase> <!-- lastname -->
  <testcase classname="SeleniumTestNGFirstExample.SeleniumTestNgFormTest" name="email" time="0.000">
    <skipped/>
  </testcase> <!-- email -->
  <testcase classname="SeleniumTestNGFirstExample.SeleniumTestNgFormTest" name="phone" time="0.000">
    <skipped/>
  </testcase> <!-- phone -->
  <testcase classname="SeleniumTestNGFirstExample.SeleniumTestNgFormTest" name="gender" time="0.000">
    <skipped/>
  </testcase> <!-- gender -->
  <testcase classname="SeleniumTestNGFirstExample.SeleniumTestNgFormTest" name="hobby" time="0.000">
    <skipped/>
  </testcase> <!-- hobby -->
  <testcase classname="SeleniumTestNGFirstExample.SeleniumTestNgFormTest" name="lan" time="0.001">
    <skipped/>
  </testcase> <!-- lan -->
  <testcase classname="SeleniumTestNGFirstExample.SeleniumTestNgFormTest" name="lan1" time="0.000">
    <skipped/>
  </testcase> <!-- lan1 -->
  <testcase classname="SeleniumTestNGFirstExample.SeleniumTestNgFormTest" name="skill" time="0.000">
    <skipped/>
  </testcase> <!-- skill -->
  <testcase classname="SeleniumTestNGFirstExample.SeleniumTestNgFormTest" name="skils1" time="0.000">
    <skipped/>
  </testcase> <!-- skils1 -->
  <testcase classname="SeleniumTestNGFirstExample.SeleniumTestNgFormTest" name="country" time="0.000">
    <skipped/>
  </testcase> <!-- country -->
  <testcase classname="SeleniumTestNGFirstExample.SeleniumTestNgFormTest" name="datefor" time="0.000">
    <skipped/>
  </testcase> <!-- datefor -->
  <testcase classname="SeleniumTestNGFirstExample.SeleniumTestNgFormTest" name="creds" time="0.000">
    <skipped/>
  </testcase> <!-- creds -->
  <testcase classname="SeleniumTestNGFirstExample.SeleniumTestNgFormTest" name="button" time="0.001">
    <skipped/>
  </testcase> <!-- button -->
  <testcase classname="SeleniumTestNGFirstExample.SeleniumTestNgFormTest" name="address">
    <skipped/>
  </testcase> <!-- address -->
</testsuite> <!-- SeleniumTestNGFirstExample.SeleniumTestNgFormTest -->
